Mar 07 2022 15:03:20
{"type":8192,"message":"Return type of ActionScheduler_DateTime::getTimestamp() should either be compatible with DateTime::getTimestamp(): int, or the #[\\ReturnTypeWillChange] attribute should be used to temporarily suppress the notice","file":"C:\\xampp\\htdocs\\charlescantin\\wp-content\\plugins\\wpforms-lite\\vendor\\woocommerce\\action-scheduler\\classes\\ActionScheduler_DateTime.php","line":27}

Mar 07 2022 15:03:23
{"type":8192,"message":"Return type of ActionScheduler_DateTime::getTimestamp() should either be compatible with DateTime::getTimestamp(): int, or the #[\\ReturnTypeWillChange] attribute should be used to temporarily suppress the notice","file":"C:\\xampp\\htdocs\\charlescantin\\wp-content\\plugins\\wpforms-lite\\vendor\\woocommerce\\action-scheduler\\classes\\ActionScheduler_DateTime.php","line":27}

Mar 07 2022 15:39:01
{"type":8192,"message":"Return type of ActionScheduler_DateTime::getTimestamp() should either be compatible with DateTime::getTimestamp(): int, or the #[\\ReturnTypeWillChange] attribute should be used to temporarily suppress the notice","file":"C:\\xampp\\htdocs\\charlescantin\\wp-content\\plugins\\wpforms-lite\\vendor\\woocommerce\\action-scheduler\\classes\\ActionScheduler_DateTime.php","line":27}

Mar 07 2022 15:39:02
{"type":8192,"message":"Return type of ActionScheduler_DateTime::getTimestamp() should either be compatible with DateTime::getTimestamp(): int, or the #[\\ReturnTypeWillChange] attribute should be used to temporarily suppress the notice","file":"C:\\xampp\\htdocs\\charlescantin\\wp-content\\plugins\\wpforms-lite\\vendor\\woocommerce\\action-scheduler\\classes\\ActionScheduler_DateTime.php","line":27}

Mar 07 2022 15:39:02
{"type":8192,"message":"Return type of ActionScheduler_DateTime::getTimestamp() should either be compatible with DateTime::getTimestamp(): int, or the #[\\ReturnTypeWillChange] attribute should be used to temporarily suppress the notice","file":"C:\\xampp\\htdocs\\charlescantin\\wp-content\\plugins\\wpforms-lite\\vendor\\woocommerce\\action-scheduler\\classes\\ActionScheduler_DateTime.php","line":27}

Mar 07 2022 15:39:03
{"type":8192,"message":"Return type of ActionScheduler_DateTime::getTimestamp() should either be compatible with DateTime::getTimestamp(): int, or the #[\\ReturnTypeWillChange] attribute should be used to temporarily suppress the notice","file":"C:\\xampp\\htdocs\\charlescantin\\wp-content\\plugins\\wpforms-lite\\vendor\\woocommerce\\action-scheduler\\classes\\ActionScheduler_DateTime.php","line":27}

Mar 07 2022 15:39:04
{"Number":8192,"Message":"base64_encode(): Passing null to parameter #1 ($string) of type string is deprecated","File":"C:\\xampp\\htdocs\\charlescantin\\wp-content\\plugins\\all-in-one-wp-migration\\lib\\model\\export\\class-ai1wm-export-config.php","Line":164}

Mar 07 2022 15:39:04
{"type":8192,"message":"Return type of ActionScheduler_DateTime::getTimestamp() should either be compatible with DateTime::getTimestamp(): int, or the #[\\ReturnTypeWillChange] attribute should be used to temporarily suppress the notice","file":"C:\\xampp\\htdocs\\charlescantin\\wp-content\\plugins\\wpforms-lite\\vendor\\woocommerce\\action-scheduler\\classes\\ActionScheduler_DateTime.php","line":27}

Mar 07 2022 15:39:05
{"type":8192,"message":"Return type of ActionScheduler_DateTime::getTimestamp() should either be compatible with DateTime::getTimestamp(): int, or the #[\\ReturnTypeWillChange] attribute should be used to temporarily suppress the notice","file":"C:\\xampp\\htdocs\\charlescantin\\wp-content\\plugins\\wpforms-lite\\vendor\\woocommerce\\action-scheduler\\classes\\ActionScheduler_DateTime.php","line":27}

Mar 07 2022 15:39:06
{"type":8192,"message":"Return type of ActionScheduler_DateTime::getTimestamp() should either be compatible with DateTime::getTimestamp(): int, or the #[\\ReturnTypeWillChange] attribute should be used to temporarily suppress the notice","file":"C:\\xampp\\htdocs\\charlescantin\\wp-content\\plugins\\wpforms-lite\\vendor\\woocommerce\\action-scheduler\\classes\\ActionScheduler_DateTime.php","line":27}

Mar 07 2022 15:39:06
{"type":8192,"message":"Return type of ActionScheduler_DateTime::getTimestamp() should either be compatible with DateTime::getTimestamp(): int, or the #[\\ReturnTypeWillChange] attribute should be used to temporarily suppress the notice","file":"C:\\xampp\\htdocs\\charlescantin\\wp-content\\plugins\\wpforms-lite\\vendor\\woocommerce\\action-scheduler\\classes\\ActionScheduler_DateTime.php","line":27}

Mar 07 2022 15:39:07
{"type":8192,"message":"Return type of ActionScheduler_DateTime::getTimestamp() should either be compatible with DateTime::getTimestamp(): int, or the #[\\ReturnTypeWillChange] attribute should be used to temporarily suppress the notice","file":"C:\\xampp\\htdocs\\charlescantin\\wp-content\\plugins\\wpforms-lite\\vendor\\woocommerce\\action-scheduler\\classes\\ActionScheduler_DateTime.php","line":27}

Mar 07 2022 15:39:08
{"type":8192,"message":"Return type of ActionScheduler_DateTime::getTimestamp() should either be compatible with DateTime::getTimestamp(): int, or the #[\\ReturnTypeWillChange] attribute should be used to temporarily suppress the notice","file":"C:\\xampp\\htdocs\\charlescantin\\wp-content\\plugins\\wpforms-lite\\vendor\\woocommerce\\action-scheduler\\classes\\ActionScheduler_DateTime.php","line":27}

Mar 07 2022 15:39:09
{"type":8192,"message":"Return type of ActionScheduler_DateTime::getTimestamp() should either be compatible with DateTime::getTimestamp(): int, or the #[\\ReturnTypeWillChange] attribute should be used to temporarily suppress the notice","file":"C:\\xampp\\htdocs\\charlescantin\\wp-content\\plugins\\wpforms-lite\\vendor\\woocommerce\\action-scheduler\\classes\\ActionScheduler_DateTime.php","line":27}

Mar 07 2022 15:39:10
{"type":8192,"message":"Return type of ActionScheduler_DateTime::getTimestamp() should either be compatible with DateTime::getTimestamp(): int, or the #[\\ReturnTypeWillChange] attribute should be used to temporarily suppress the notice","file":"C:\\xampp\\htdocs\\charlescantin\\wp-content\\plugins\\wpforms-lite\\vendor\\woocommerce\\action-scheduler\\classes\\ActionScheduler_DateTime.php","line":27}

Mar 07 2022 15:39:10
{"type":8192,"message":"Return type of ActionScheduler_DateTime::getTimestamp() should either be compatible with DateTime::getTimestamp(): int, or the #[\\ReturnTypeWillChange] attribute should be used to temporarily suppress the notice","file":"C:\\xampp\\htdocs\\charlescantin\\wp-content\\plugins\\wpforms-lite\\vendor\\woocommerce\\action-scheduler\\classes\\ActionScheduler_DateTime.php","line":27}

Mar 07 2022 15:39:11
{"type":8192,"message":"Return type of ActionScheduler_DateTime::getTimestamp() should either be compatible with DateTime::getTimestamp(): int, or the #[\\ReturnTypeWillChange] attribute should be used to temporarily suppress the notice","file":"C:\\xampp\\htdocs\\charlescantin\\wp-content\\plugins\\wpforms-lite\\vendor\\woocommerce\\action-scheduler\\classes\\ActionScheduler_DateTime.php","line":27}

Mar 07 2022 15:39:12
{"type":8192,"message":"Return type of ActionScheduler_DateTime::getTimestamp() should either be compatible with DateTime::getTimestamp(): int, or the #[\\ReturnTypeWillChange] attribute should be used to temporarily suppress the notice","file":"C:\\xampp\\htdocs\\charlescantin\\wp-content\\plugins\\wpforms-lite\\vendor\\woocommerce\\action-scheduler\\classes\\ActionScheduler_DateTime.php","line":27}

Mar 07 2022 15:39:14
{"type":8192,"message":"Return type of ActionScheduler_DateTime::getTimestamp() should either be compatible with DateTime::getTimestamp(): int, or the #[\\ReturnTypeWillChange] attribute should be used to temporarily suppress the notice","file":"C:\\xampp\\htdocs\\charlescantin\\wp-content\\plugins\\wpforms-lite\\vendor\\woocommerce\\action-scheduler\\classes\\ActionScheduler_DateTime.php","line":27}

Mar 07 2022 15:39:15
{"type":8192,"message":"Return type of ActionScheduler_DateTime::getTimestamp() should either be compatible with DateTime::getTimestamp(): int, or the #[\\ReturnTypeWillChange] attribute should be used to temporarily suppress the notice","file":"C:\\xampp\\htdocs\\charlescantin\\wp-content\\plugins\\wpforms-lite\\vendor\\woocommerce\\action-scheduler\\classes\\ActionScheduler_DateTime.php","line":27}

Mar 07 2022 15:39:17
{"type":8192,"message":"Return type of ActionScheduler_DateTime::getTimestamp() should either be compatible with DateTime::getTimestamp(): int, or the #[\\ReturnTypeWillChange] attribute should be used to temporarily suppress the notice","file":"C:\\xampp\\htdocs\\charlescantin\\wp-content\\plugins\\wpforms-lite\\vendor\\woocommerce\\action-scheduler\\classes\\ActionScheduler_DateTime.php","line":27}

Mar 07 2022 15:39:18
{"type":8192,"message":"Return type of ActionScheduler_DateTime::getTimestamp() should either be compatible with DateTime::getTimestamp(): int, or the #[\\ReturnTypeWillChange] attribute should be used to temporarily suppress the notice","file":"C:\\xampp\\htdocs\\charlescantin\\wp-content\\plugins\\wpforms-lite\\vendor\\woocommerce\\action-scheduler\\classes\\ActionScheduler_DateTime.php","line":27}

Mar 07 2022 15:39:18
{"type":8192,"message":"Return type of ActionScheduler_DateTime::getTimestamp() should either be compatible with DateTime::getTimestamp(): int, or the #[\\ReturnTypeWillChange] attribute should be used to temporarily suppress the notice","file":"C:\\xampp\\htdocs\\charlescantin\\wp-content\\plugins\\wpforms-lite\\vendor\\woocommerce\\action-scheduler\\classes\\ActionScheduler_DateTime.php","line":27}

Mar 07 2022 15:39:19
{"type":8192,"message":"Return type of ActionScheduler_DateTime::getTimestamp() should either be compatible with DateTime::getTimestamp(): int, or the #[\\ReturnTypeWillChange] attribute should be used to temporarily suppress the notice","file":"C:\\xampp\\htdocs\\charlescantin\\wp-content\\plugins\\wpforms-lite\\vendor\\woocommerce\\action-scheduler\\classes\\ActionScheduler_DateTime.php","line":27}

Mar 07 2022 15:39:20
{"type":8192,"message":"Return type of ActionScheduler_DateTime::getTimestamp() should either be compatible with DateTime::getTimestamp(): int, or the #[\\ReturnTypeWillChange] attribute should be used to temporarily suppress the notice","file":"C:\\xampp\\htdocs\\charlescantin\\wp-content\\plugins\\wpforms-lite\\vendor\\woocommerce\\action-scheduler\\classes\\ActionScheduler_DateTime.php","line":27}

Mar 07 2022 15:39:21
{"type":8192,"message":"Return type of ActionScheduler_DateTime::getTimestamp() should either be compatible with DateTime::getTimestamp(): int, or the #[\\ReturnTypeWillChange] attribute should be used to temporarily suppress the notice","file":"C:\\xampp\\htdocs\\charlescantin\\wp-content\\plugins\\wpforms-lite\\vendor\\woocommerce\\action-scheduler\\classes\\ActionScheduler_DateTime.php","line":27}

Mar 07 2022 15:39:22
{"type":8192,"message":"Return type of ActionScheduler_DateTime::getTimestamp() should either be compatible with DateTime::getTimestamp(): int, or the #[\\ReturnTypeWillChange] attribute should be used to temporarily suppress the notice","file":"C:\\xampp\\htdocs\\charlescantin\\wp-content\\plugins\\wpforms-lite\\vendor\\woocommerce\\action-scheduler\\classes\\ActionScheduler_DateTime.php","line":27}

Mar 07 2022 15:40:41
{"type":8192,"message":"Return type of ActionScheduler_DateTime::getTimestamp() should either be compatible with DateTime::getTimestamp(): int, or the #[\\ReturnTypeWillChange] attribute should be used to temporarily suppress the notice","file":"C:\\xampp\\htdocs\\charlescantin\\wp-content\\plugins\\wpforms-lite\\vendor\\woocommerce\\action-scheduler\\classes\\ActionScheduler_DateTime.php","line":27}

Mar 07 2022 15:44:59
{"type":8192,"message":"Return type of ActionScheduler_DateTime::getTimestamp() should either be compatible with DateTime::getTimestamp(): int, or the #[\\ReturnTypeWillChange] attribute should be used to temporarily suppress the notice","file":"C:\\xampp\\htdocs\\charlescantin\\wp-content\\plugins\\wpforms-lite\\vendor\\woocommerce\\action-scheduler\\classes\\ActionScheduler_DateTime.php","line":27}

Mar 07 2022 15:45:00
{"type":8192,"message":"Return type of ActionScheduler_DateTime::getTimestamp() should either be compatible with DateTime::getTimestamp(): int, or the #[\\ReturnTypeWillChange] attribute should be used to temporarily suppress the notice","file":"C:\\xampp\\htdocs\\charlescantin\\wp-content\\plugins\\wpforms-lite\\vendor\\woocommerce\\action-scheduler\\classes\\ActionScheduler_DateTime.php","line":27}

Mar 07 2022 15:45:00
{"type":8192,"message":"Return type of ActionScheduler_DateTime::getTimestamp() should either be compatible with DateTime::getTimestamp(): int, or the #[\\ReturnTypeWillChange] attribute should be used to temporarily suppress the notice","file":"C:\\xampp\\htdocs\\charlescantin\\wp-content\\plugins\\wpforms-lite\\vendor\\woocommerce\\action-scheduler\\classes\\ActionScheduler_DateTime.php","line":27}

Mar 07 2022 15:45:01
{"type":8192,"message":"Return type of ActionScheduler_DateTime::getTimestamp() should either be compatible with DateTime::getTimestamp(): int, or the #[\\ReturnTypeWillChange] attribute should be used to temporarily suppress the notice","file":"C:\\xampp\\htdocs\\charlescantin\\wp-content\\plugins\\wpforms-lite\\vendor\\woocommerce\\action-scheduler\\classes\\ActionScheduler_DateTime.php","line":27}

Mar 07 2022 15:45:02
{"Number":8192,"Message":"base64_encode(): Passing null to parameter #1 ($string) of type string is deprecated","File":"C:\\xampp\\htdocs\\charlescantin\\wp-content\\plugins\\all-in-one-wp-migration\\lib\\model\\export\\class-ai1wm-export-config.php","Line":164}

Mar 07 2022 15:45:02
{"type":8192,"message":"Return type of ActionScheduler_DateTime::getTimestamp() should either be compatible with DateTime::getTimestamp(): int, or the #[\\ReturnTypeWillChange] attribute should be used to temporarily suppress the notice","file":"C:\\xampp\\htdocs\\charlescantin\\wp-content\\plugins\\wpforms-lite\\vendor\\woocommerce\\action-scheduler\\classes\\ActionScheduler_DateTime.php","line":27}

Mar 07 2022 15:45:03
{"type":8192,"message":"Return type of ActionScheduler_DateTime::getTimestamp() should either be compatible with DateTime::getTimestamp(): int, or the #[\\ReturnTypeWillChange] attribute should be used to temporarily suppress the notice","file":"C:\\xampp\\htdocs\\charlescantin\\wp-content\\plugins\\wpforms-lite\\vendor\\woocommerce\\action-scheduler\\classes\\ActionScheduler_DateTime.php","line":27}

Mar 07 2022 15:45:04
{"type":8192,"message":"Return type of ActionScheduler_DateTime::getTimestamp() should either be compatible with DateTime::getTimestamp(): int, or the #[\\ReturnTypeWillChange] attribute should be used to temporarily suppress the notice","file":"C:\\xampp\\htdocs\\charlescantin\\wp-content\\plugins\\wpforms-lite\\vendor\\woocommerce\\action-scheduler\\classes\\ActionScheduler_DateTime.php","line":27}

Mar 07 2022 15:45:04
{"type":8192,"message":"Return type of ActionScheduler_DateTime::getTimestamp() should either be compatible with DateTime::getTimestamp(): int, or the #[\\ReturnTypeWillChange] attribute should be used to temporarily suppress the notice","file":"C:\\xampp\\htdocs\\charlescantin\\wp-content\\plugins\\wpforms-lite\\vendor\\woocommerce\\action-scheduler\\classes\\ActionScheduler_DateTime.php","line":27}

Mar 07 2022 15:45:05
{"type":8192,"message":"Return type of ActionScheduler_DateTime::getTimestamp() should either be compatible with DateTime::getTimestamp(): int, or the #[\\ReturnTypeWillChange] attribute should be used to temporarily suppress the notice","file":"C:\\xampp\\htdocs\\charlescantin\\wp-content\\plugins\\wpforms-lite\\vendor\\woocommerce\\action-scheduler\\classes\\ActionScheduler_DateTime.php","line":27}

Mar 07 2022 15:45:06
{"type":8192,"message":"Return type of ActionScheduler_DateTime::getTimestamp() should either be compatible with DateTime::getTimestamp(): int, or the #[\\ReturnTypeWillChange] attribute should be used to temporarily suppress the notice","file":"C:\\xampp\\htdocs\\charlescantin\\wp-content\\plugins\\wpforms-lite\\vendor\\woocommerce\\action-scheduler\\classes\\ActionScheduler_DateTime.php","line":27}

Mar 07 2022 15:45:07
{"type":8192,"message":"Return type of ActionScheduler_DateTime::getTimestamp() should either be compatible with DateTime::getTimestamp(): int, or the #[\\ReturnTypeWillChange] attribute should be used to temporarily suppress the notice","file":"C:\\xampp\\htdocs\\charlescantin\\wp-content\\plugins\\wpforms-lite\\vendor\\woocommerce\\action-scheduler\\classes\\ActionScheduler_DateTime.php","line":27}

Mar 07 2022 15:45:08
{"type":8192,"message":"Return type of ActionScheduler_DateTime::getTimestamp() should either be compatible with DateTime::getTimestamp(): int, or the #[\\ReturnTypeWillChange] attribute should be used to temporarily suppress the notice","file":"C:\\xampp\\htdocs\\charlescantin\\wp-content\\plugins\\wpforms-lite\\vendor\\woocommerce\\action-scheduler\\classes\\ActionScheduler_DateTime.php","line":27}

Mar 07 2022 15:45:08
{"type":8192,"message":"Return type of ActionScheduler_DateTime::getTimestamp() should either be compatible with DateTime::getTimestamp(): int, or the #[\\ReturnTypeWillChange] attribute should be used to temporarily suppress the notice","file":"C:\\xampp\\htdocs\\charlescantin\\wp-content\\plugins\\wpforms-lite\\vendor\\woocommerce\\action-scheduler\\classes\\ActionScheduler_DateTime.php","line":27}

Mar 07 2022 15:45:09
{"type":8192,"message":"Return type of ActionScheduler_DateTime::getTimestamp() should either be compatible with DateTime::getTimestamp(): int, or the #[\\ReturnTypeWillChange] attribute should be used to temporarily suppress the notice","file":"C:\\xampp\\htdocs\\charlescantin\\wp-content\\plugins\\wpforms-lite\\vendor\\woocommerce\\action-scheduler\\classes\\ActionScheduler_DateTime.php","line":27}

Mar 07 2022 15:45:10
{"type":8192,"message":"Return type of ActionScheduler_DateTime::getTimestamp() should either be compatible with DateTime::getTimestamp(): int, or the #[\\ReturnTypeWillChange] attribute should be used to temporarily suppress the notice","file":"C:\\xampp\\htdocs\\charlescantin\\wp-content\\plugins\\wpforms-lite\\vendor\\woocommerce\\action-scheduler\\classes\\ActionScheduler_DateTime.php","line":27}

Mar 07 2022 15:45:12
{"type":8192,"message":"Return type of ActionScheduler_DateTime::getTimestamp() should either be compatible with DateTime::getTimestamp(): int, or the #[\\ReturnTypeWillChange] attribute should be used to temporarily suppress the notice","file":"C:\\xampp\\htdocs\\charlescantin\\wp-content\\plugins\\wpforms-lite\\vendor\\woocommerce\\action-scheduler\\classes\\ActionScheduler_DateTime.php","line":27}

Mar 07 2022 15:45:13
{"type":8192,"message":"Return type of ActionScheduler_DateTime::getTimestamp() should either be compatible with DateTime::getTimestamp(): int, or the #[\\ReturnTypeWillChange] attribute should be used to temporarily suppress the notice","file":"C:\\xampp\\htdocs\\charlescantin\\wp-content\\plugins\\wpforms-lite\\vendor\\woocommerce\\action-scheduler\\classes\\ActionScheduler_DateTime.php","line":27}

Mar 07 2022 15:45:14
{"type":8192,"message":"Return type of ActionScheduler_DateTime::getTimestamp() should either be compatible with DateTime::getTimestamp(): int, or the #[\\ReturnTypeWillChange] attribute should be used to temporarily suppress the notice","file":"C:\\xampp\\htdocs\\charlescantin\\wp-content\\plugins\\wpforms-lite\\vendor\\woocommerce\\action-scheduler\\classes\\ActionScheduler_DateTime.php","line":27}

Mar 07 2022 15:45:15
{"type":8192,"message":"Return type of ActionScheduler_DateTime::getTimestamp() should either be compatible with DateTime::getTimestamp(): int, or the #[\\ReturnTypeWillChange] attribute should be used to temporarily suppress the notice","file":"C:\\xampp\\htdocs\\charlescantin\\wp-content\\plugins\\wpforms-lite\\vendor\\woocommerce\\action-scheduler\\classes\\ActionScheduler_DateTime.php","line":27}

Mar 07 2022 15:45:16
{"type":8192,"message":"Return type of ActionScheduler_DateTime::getTimestamp() should either be compatible with DateTime::getTimestamp(): int, or the #[\\ReturnTypeWillChange] attribute should be used to temporarily suppress the notice","file":"C:\\xampp\\htdocs\\charlescantin\\wp-content\\plugins\\wpforms-lite\\vendor\\woocommerce\\action-scheduler\\classes\\ActionScheduler_DateTime.php","line":27}

Mar 07 2022 15:45:16
{"type":8192,"message":"Return type of ActionScheduler_DateTime::getTimestamp() should either be compatible with DateTime::getTimestamp(): int, or the #[\\ReturnTypeWillChange] attribute should be used to temporarily suppress the notice","file":"C:\\xampp\\htdocs\\charlescantin\\wp-content\\plugins\\wpforms-lite\\vendor\\woocommerce\\action-scheduler\\classes\\ActionScheduler_DateTime.php","line":27}

Mar 07 2022 15:45:17
{"type":8192,"message":"Return type of ActionScheduler_DateTime::getTimestamp() should either be compatible with DateTime::getTimestamp(): int, or the #[\\ReturnTypeWillChange] attribute should be used to temporarily suppress the notice","file":"C:\\xampp\\htdocs\\charlescantin\\wp-content\\plugins\\wpforms-lite\\vendor\\woocommerce\\action-scheduler\\classes\\ActionScheduler_DateTime.php","line":27}

Mar 07 2022 15:45:18
{"type":8192,"message":"Return type of ActionScheduler_DateTime::getTimestamp() should either be compatible with DateTime::getTimestamp(): int, or the #[\\ReturnTypeWillChange] attribute should be used to temporarily suppress the notice","file":"C:\\xampp\\htdocs\\charlescantin\\wp-content\\plugins\\wpforms-lite\\vendor\\woocommerce\\action-scheduler\\classes\\ActionScheduler_DateTime.php","line":27}

Mar 07 2022 15:45:20
{"type":8192,"message":"Return type of ActionScheduler_DateTime::getTimestamp() should either be compatible with DateTime::getTimestamp(): int, or the #[\\ReturnTypeWillChange] attribute should be used to temporarily suppress the notice","file":"C:\\xampp\\htdocs\\charlescantin\\wp-content\\plugins\\wpforms-lite\\vendor\\woocommerce\\action-scheduler\\classes\\ActionScheduler_DateTime.php","line":27}

Mar 07 2022 15:51:50
{"type":8192,"message":"Return type of ActionScheduler_DateTime::getTimestamp() should either be compatible with DateTime::getTimestamp(): int, or the #[\\ReturnTypeWillChange] attribute should be used to temporarily suppress the notice","file":"C:\\xampp\\htdocs\\charlescantin\\wp-content\\plugins\\wpforms-lite\\vendor\\woocommerce\\action-scheduler\\classes\\ActionScheduler_DateTime.php","line":27}

Mar 07 2022 15:51:51
{"type":8192,"message":"Return type of ActionScheduler_DateTime::getTimestamp() should either be compatible with DateTime::getTimestamp(): int, or the #[\\ReturnTypeWillChange] attribute should be used to temporarily suppress the notice","file":"C:\\xampp\\htdocs\\charlescantin\\wp-content\\plugins\\wpforms-lite\\vendor\\woocommerce\\action-scheduler\\classes\\ActionScheduler_DateTime.php","line":27}

Mar 07 2022 15:51:51
{"type":8192,"message":"Return type of ActionScheduler_DateTime::getTimestamp() should either be compatible with DateTime::getTimestamp(): int, or the #[\\ReturnTypeWillChange] attribute should be used to temporarily suppress the notice","file":"C:\\xampp\\htdocs\\charlescantin\\wp-content\\plugins\\wpforms-lite\\vendor\\woocommerce\\action-scheduler\\classes\\ActionScheduler_DateTime.php","line":27}

Mar 07 2022 15:51:52
{"type":8192,"message":"Return type of ActionScheduler_DateTime::getTimestamp() should either be compatible with DateTime::getTimestamp(): int, or the #[\\ReturnTypeWillChange] attribute should be used to temporarily suppress the notice","file":"C:\\xampp\\htdocs\\charlescantin\\wp-content\\plugins\\wpforms-lite\\vendor\\woocommerce\\action-scheduler\\classes\\ActionScheduler_DateTime.php","line":27}

Mar 07 2022 15:51:53
{"Number":8192,"Message":"base64_encode(): Passing null to parameter #1 ($string) of type string is deprecated","File":"C:\\xampp\\htdocs\\charlescantin\\wp-content\\plugins\\all-in-one-wp-migration\\lib\\model\\export\\class-ai1wm-export-config.php","Line":164}

Mar 07 2022 15:51:53
{"type":8192,"message":"Return type of ActionScheduler_DateTime::getTimestamp() should either be compatible with DateTime::getTimestamp(): int, or the #[\\ReturnTypeWillChange] attribute should be used to temporarily suppress the notice","file":"C:\\xampp\\htdocs\\charlescantin\\wp-content\\plugins\\wpforms-lite\\vendor\\woocommerce\\action-scheduler\\classes\\ActionScheduler_DateTime.php","line":27}

Mar 07 2022 15:51:54
{"type":8192,"message":"Return type of ActionScheduler_DateTime::getTimestamp() should either be compatible with DateTime::getTimestamp(): int, or the #[\\ReturnTypeWillChange] attribute should be used to temporarily suppress the notice","file":"C:\\xampp\\htdocs\\charlescantin\\wp-content\\plugins\\wpforms-lite\\vendor\\woocommerce\\action-scheduler\\classes\\ActionScheduler_DateTime.php","line":27}

Mar 07 2022 15:51:55
{"type":8192,"message":"Return type of ActionScheduler_DateTime::getTimestamp() should either be compatible with DateTime::getTimestamp(): int, or the #[\\ReturnTypeWillChange] attribute should be used to temporarily suppress the notice","file":"C:\\xampp\\htdocs\\charlescantin\\wp-content\\plugins\\wpforms-lite\\vendor\\woocommerce\\action-scheduler\\classes\\ActionScheduler_DateTime.php","line":27}

Mar 07 2022 15:51:55
{"type":8192,"message":"Return type of ActionScheduler_DateTime::getTimestamp() should either be compatible with DateTime::getTimestamp(): int, or the #[\\ReturnTypeWillChange] attribute should be used to temporarily suppress the notice","file":"C:\\xampp\\htdocs\\charlescantin\\wp-content\\plugins\\wpforms-lite\\vendor\\woocommerce\\action-scheduler\\classes\\ActionScheduler_DateTime.php","line":27}

Mar 07 2022 15:51:56
{"Number":8192,"Message":"DateTime::__construct(): Passing null to parameter #1 ($datetime) of type string is deprecated","File":"C:\\xampp\\htdocs\\charlescantin\\wp-content\\plugins\\wpforms-lite\\vendor\\woocommerce\\action-scheduler\\functions.php","Line":272}

Mar 07 2022 15:51:56
{"type":8192,"message":"Return type of ActionScheduler_DateTime::getTimestamp() should either be compatible with DateTime::getTimestamp(): int, or the #[\\ReturnTypeWillChange] attribute should be used to temporarily suppress the notice","file":"C:\\xampp\\htdocs\\charlescantin\\wp-content\\plugins\\wpforms-lite\\vendor\\woocommerce\\action-scheduler\\classes\\ActionScheduler_DateTime.php","line":27}

Mar 07 2022 15:51:57
{"type":8192,"message":"Return type of ActionScheduler_DateTime::getTimestamp() should either be compatible with DateTime::getTimestamp(): int, or the #[\\ReturnTypeWillChange] attribute should be used to temporarily suppress the notice","file":"C:\\xampp\\htdocs\\charlescantin\\wp-content\\plugins\\wpforms-lite\\vendor\\woocommerce\\action-scheduler\\classes\\ActionScheduler_DateTime.php","line":27}

Mar 07 2022 15:51:58
{"type":8192,"message":"Return type of ActionScheduler_DateTime::getTimestamp() should either be compatible with DateTime::getTimestamp(): int, or the #[\\ReturnTypeWillChange] attribute should be used to temporarily suppress the notice","file":"C:\\xampp\\htdocs\\charlescantin\\wp-content\\plugins\\wpforms-lite\\vendor\\woocommerce\\action-scheduler\\classes\\ActionScheduler_DateTime.php","line":27}

Mar 07 2022 15:51:59
{"type":8192,"message":"Return type of ActionScheduler_DateTime::getTimestamp() should either be compatible with DateTime::getTimestamp(): int, or the #[\\ReturnTypeWillChange] attribute should be used to temporarily suppress the notice","file":"C:\\xampp\\htdocs\\charlescantin\\wp-content\\plugins\\wpforms-lite\\vendor\\woocommerce\\action-scheduler\\classes\\ActionScheduler_DateTime.php","line":27}

Mar 07 2022 15:51:59
{"type":8192,"message":"Return type of ActionScheduler_DateTime::getTimestamp() should either be compatible with DateTime::getTimestamp(): int, or the #[\\ReturnTypeWillChange] attribute should be used to temporarily suppress the notice","file":"C:\\xampp\\htdocs\\charlescantin\\wp-content\\plugins\\wpforms-lite\\vendor\\woocommerce\\action-scheduler\\classes\\ActionScheduler_DateTime.php","line":27}

Mar 07 2022 15:52:00
{"type":8192,"message":"Return type of ActionScheduler_DateTime::getTimestamp() should either be compatible with DateTime::getTimestamp(): int, or the #[\\ReturnTypeWillChange] attribute should be used to temporarily suppress the notice","file":"C:\\xampp\\htdocs\\charlescantin\\wp-content\\plugins\\wpforms-lite\\vendor\\woocommerce\\action-scheduler\\classes\\ActionScheduler_DateTime.php","line":27}

Mar 07 2022 15:52:01
{"type":8192,"message":"Return type of ActionScheduler_DateTime::getTimestamp() should either be compatible with DateTime::getTimestamp(): int, or the #[\\ReturnTypeWillChange] attribute should be used to temporarily suppress the notice","file":"C:\\xampp\\htdocs\\charlescantin\\wp-content\\plugins\\wpforms-lite\\vendor\\woocommerce\\action-scheduler\\classes\\ActionScheduler_DateTime.php","line":27}

Mar 07 2022 15:52:03
{"type":8192,"message":"Return type of ActionScheduler_DateTime::getTimestamp() should either be compatible with DateTime::getTimestamp(): int, or the #[\\ReturnTypeWillChange] attribute should be used to temporarily suppress the notice","file":"C:\\xampp\\htdocs\\charlescantin\\wp-content\\plugins\\wpforms-lite\\vendor\\woocommerce\\action-scheduler\\classes\\ActionScheduler_DateTime.php","line":27}

Mar 07 2022 15:52:04
{"type":8192,"message":"Return type of ActionScheduler_DateTime::getTimestamp() should either be compatible with DateTime::getTimestamp(): int, or the #[\\ReturnTypeWillChange] attribute should be used to temporarily suppress the notice","file":"C:\\xampp\\htdocs\\charlescantin\\wp-content\\plugins\\wpforms-lite\\vendor\\woocommerce\\action-scheduler\\classes\\ActionScheduler_DateTime.php","line":27}

Mar 07 2022 15:52:06
{"type":8192,"message":"Return type of ActionScheduler_DateTime::getTimestamp() should either be compatible with DateTime::getTimestamp(): int, or the #[\\ReturnTypeWillChange] attribute should be used to temporarily suppress the notice","file":"C:\\xampp\\htdocs\\charlescantin\\wp-content\\plugins\\wpforms-lite\\vendor\\woocommerce\\action-scheduler\\classes\\ActionScheduler_DateTime.php","line":27}

Mar 07 2022 15:52:07
{"type":8192,"message":"Return type of ActionScheduler_DateTime::getTimestamp() should either be compatible with DateTime::getTimestamp(): int, or the #[\\ReturnTypeWillChange] attribute should be used to temporarily suppress the notice","file":"C:\\xampp\\htdocs\\charlescantin\\wp-content\\plugins\\wpforms-lite\\vendor\\woocommerce\\action-scheduler\\classes\\ActionScheduler_DateTime.php","line":27}

Mar 07 2022 15:52:07
{"type":8192,"message":"Return type of ActionScheduler_DateTime::getTimestamp() should either be compatible with DateTime::getTimestamp(): int, or the #[\\ReturnTypeWillChange] attribute should be used to temporarily suppress the notice","file":"C:\\xampp\\htdocs\\charlescantin\\wp-content\\plugins\\wpforms-lite\\vendor\\woocommerce\\action-scheduler\\classes\\ActionScheduler_DateTime.php","line":27}

Mar 07 2022 15:52:08
{"type":8192,"message":"Return type of ActionScheduler_DateTime::getTimestamp() should either be compatible with DateTime::getTimestamp(): int, or the #[\\ReturnTypeWillChange] attribute should be used to temporarily suppress the notice","file":"C:\\xampp\\htdocs\\charlescantin\\wp-content\\plugins\\wpforms-lite\\vendor\\woocommerce\\action-scheduler\\classes\\ActionScheduler_DateTime.php","line":27}

Mar 07 2022 15:52:09
{"type":8192,"message":"Return type of ActionScheduler_DateTime::getTimestamp() should either be compatible with DateTime::getTimestamp(): int, or the #[\\ReturnTypeWillChange] attribute should be used to temporarily suppress the notice","file":"C:\\xampp\\htdocs\\charlescantin\\wp-content\\plugins\\wpforms-lite\\vendor\\woocommerce\\action-scheduler\\classes\\ActionScheduler_DateTime.php","line":27}

Mar 07 2022 15:52:10
{"type":8192,"message":"Return type of ActionScheduler_DateTime::getTimestamp() should either be compatible with DateTime::getTimestamp(): int, or the #[\\ReturnTypeWillChange] attribute should be used to temporarily suppress the notice","file":"C:\\xampp\\htdocs\\charlescantin\\wp-content\\plugins\\wpforms-lite\\vendor\\woocommerce\\action-scheduler\\classes\\ActionScheduler_DateTime.php","line":27}

Mar 07 2022 15:52:11
{"type":8192,"message":"Return type of ActionScheduler_DateTime::getTimestamp() should either be compatible with DateTime::getTimestamp(): int, or the #[\\ReturnTypeWillChange] attribute should be used to temporarily suppress the notice","file":"C:\\xampp\\htdocs\\charlescantin\\wp-content\\plugins\\wpforms-lite\\vendor\\woocommerce\\action-scheduler\\classes\\ActionScheduler_DateTime.php","line":27}

Mar 07 2022 15:52:12
{"type":8192,"message":"Return type of ActionScheduler_DateTime::getTimestamp() should either be compatible with DateTime::getTimestamp(): int, or the #[\\ReturnTypeWillChange] attribute should be used to temporarily suppress the notice","file":"C:\\xampp\\htdocs\\charlescantin\\wp-content\\plugins\\wpforms-lite\\vendor\\woocommerce\\action-scheduler\\classes\\ActionScheduler_DateTime.php","line":27}

Mar 07 2022 15:52:42
{"type":8192,"message":"Return type of ActionScheduler_DateTime::getTimestamp() should either be compatible with DateTime::getTimestamp(): int, or the #[\\ReturnTypeWillChange] attribute should be used to temporarily suppress the notice","file":"C:\\xampp\\htdocs\\charlescantin\\wp-content\\plugins\\wpforms-lite\\vendor\\woocommerce\\action-scheduler\\classes\\ActionScheduler_DateTime.php","line":27}

Mar 07 2022 15:52:44
{"type":8192,"message":"Return type of ActionScheduler_DateTime::getTimestamp() should either be compatible with DateTime::getTimestamp(): int, or the #[\\ReturnTypeWillChange] attribute should be used to temporarily suppress the notice","file":"C:\\xampp\\htdocs\\charlescantin\\wp-content\\plugins\\wpforms-lite\\vendor\\woocommerce\\action-scheduler\\classes\\ActionScheduler_DateTime.php","line":27}

Mar 07 2022 15:52:44
{"type":8192,"message":"Return type of ActionScheduler_DateTime::getTimestamp() should either be compatible with DateTime::getTimestamp(): int, or the #[\\ReturnTypeWillChange] attribute should be used to temporarily suppress the notice","file":"C:\\xampp\\htdocs\\charlescantin\\wp-content\\plugins\\wpforms-lite\\vendor\\woocommerce\\action-scheduler\\classes\\ActionScheduler_DateTime.php","line":27}

Mar 07 2022 15:52:44
{"type":8192,"message":"Return type of Requests_Utility_CaseInsensitiveDictionary::getIterator() should either be compatible with IteratorAggregate::getIterator(): Traversable, or the #[\\ReturnTypeWillChange] attribute should be used to temporarily suppress the notice","file":"C:\\xampp\\htdocs\\charlescantin\\wp-includes\\Requests\\Utility\\CaseInsensitiveDictionary.php","line":91}

Mar 07 2022 15:53:10
{"Number":8192,"Message":"DateTime::__construct(): Passing null to parameter #1 ($datetime) of type string is deprecated","File":"C:\\xampp\\htdocs\\charlescantin\\wp-content\\plugins\\wpforms-lite\\vendor\\woocommerce\\action-scheduler\\functions.php","Line":272}

Mar 07 2022 15:53:10
{"type":8192,"message":"Return type of ActionScheduler_DateTime::getTimestamp() should either be compatible with DateTime::getTimestamp(): int, or the #[\\ReturnTypeWillChange] attribute should be used to temporarily suppress the notice","file":"C:\\xampp\\htdocs\\charlescantin\\wp-content\\plugins\\wpforms-lite\\vendor\\woocommerce\\action-scheduler\\classes\\ActionScheduler_DateTime.php","line":27}

Mar 07 2022 15:53:11
{"type":8192,"message":"Return type of ActionScheduler_DateTime::getTimestamp() should either be compatible with DateTime::getTimestamp(): int, or the #[\\ReturnTypeWillChange] attribute should be used to temporarily suppress the notice","file":"C:\\xampp\\htdocs\\charlescantin\\wp-content\\plugins\\wpforms-lite\\vendor\\woocommerce\\action-scheduler\\classes\\ActionScheduler_DateTime.php","line":27}

Mar 07 2022 15:53:11
{"type":8192,"message":"Return type of ActionScheduler_DateTime::getTimestamp() should either be compatible with DateTime::getTimestamp(): int, or the #[\\ReturnTypeWillChange] attribute should be used to temporarily suppress the notice","file":"C:\\xampp\\htdocs\\charlescantin\\wp-content\\plugins\\wpforms-lite\\vendor\\woocommerce\\action-scheduler\\classes\\ActionScheduler_DateTime.php","line":27}

Mar 07 2022 15:53:12
{"type":8192,"message":"Return type of ActionScheduler_DateTime::getTimestamp() should either be compatible with DateTime::getTimestamp(): int, or the #[\\ReturnTypeWillChange] attribute should be used to temporarily suppress the notice","file":"C:\\xampp\\htdocs\\charlescantin\\wp-content\\plugins\\wpforms-lite\\vendor\\woocommerce\\action-scheduler\\classes\\ActionScheduler_DateTime.php","line":27}

Mar 07 2022 15:53:13
{"Number":8192,"Message":"base64_encode(): Passing null to parameter #1 ($string) of type string is deprecated","File":"C:\\xampp\\htdocs\\charlescantin\\wp-content\\plugins\\all-in-one-wp-migration\\lib\\model\\export\\class-ai1wm-export-config.php","Line":164}

Mar 07 2022 15:53:13
{"type":8192,"message":"Return type of ActionScheduler_DateTime::getTimestamp() should either be compatible with DateTime::getTimestamp(): int, or the #[\\ReturnTypeWillChange] attribute should be used to temporarily suppress the notice","file":"C:\\xampp\\htdocs\\charlescantin\\wp-content\\plugins\\wpforms-lite\\vendor\\woocommerce\\action-scheduler\\classes\\ActionScheduler_DateTime.php","line":27}

Mar 07 2022 15:53:14
{"type":8192,"message":"Return type of ActionScheduler_DateTime::getTimestamp() should either be compatible with DateTime::getTimestamp(): int, or the #[\\ReturnTypeWillChange] attribute should be used to temporarily suppress the notice","file":"C:\\xampp\\htdocs\\charlescantin\\wp-content\\plugins\\wpforms-lite\\vendor\\woocommerce\\action-scheduler\\classes\\ActionScheduler_DateTime.php","line":27}

Mar 07 2022 15:53:15
{"type":8192,"message":"Return type of ActionScheduler_DateTime::getTimestamp() should either be compatible with DateTime::getTimestamp(): int, or the #[\\ReturnTypeWillChange] attribute should be used to temporarily suppress the notice","file":"C:\\xampp\\htdocs\\charlescantin\\wp-content\\plugins\\wpforms-lite\\vendor\\woocommerce\\action-scheduler\\classes\\ActionScheduler_DateTime.php","line":27}

Mar 07 2022 15:53:15
{"type":8192,"message":"Return type of ActionScheduler_DateTime::getTimestamp() should either be compatible with DateTime::getTimestamp(): int, or the #[\\ReturnTypeWillChange] attribute should be used to temporarily suppress the notice","file":"C:\\xampp\\htdocs\\charlescantin\\wp-content\\plugins\\wpforms-lite\\vendor\\woocommerce\\action-scheduler\\classes\\ActionScheduler_DateTime.php","line":27}

Mar 07 2022 15:53:15
{"type":8192,"message":"Return type of ActionScheduler_DateTime::getTimestamp() should either be compatible with DateTime::getTimestamp(): int, or the #[\\ReturnTypeWillChange] attribute should be used to temporarily suppress the notice","file":"C:\\xampp\\htdocs\\charlescantin\\wp-content\\plugins\\wpforms-lite\\vendor\\woocommerce\\action-scheduler\\classes\\ActionScheduler_DateTime.php","line":27}

Mar 07 2022 15:53:17
{"type":8192,"message":"Return type of ActionScheduler_DateTime::getTimestamp() should either be compatible with DateTime::getTimestamp(): int, or the #[\\ReturnTypeWillChange] attribute should be used to temporarily suppress the notice","file":"C:\\xampp\\htdocs\\charlescantin\\wp-content\\plugins\\wpforms-lite\\vendor\\woocommerce\\action-scheduler\\classes\\ActionScheduler_DateTime.php","line":27}

Mar 07 2022 15:53:18
{"type":8192,"message":"Return type of ActionScheduler_DateTime::getTimestamp() should either be compatible with DateTime::getTimestamp(): int, or the #[\\ReturnTypeWillChange] attribute should be used to temporarily suppress the notice","file":"C:\\xampp\\htdocs\\charlescantin\\wp-content\\plugins\\wpforms-lite\\vendor\\woocommerce\\action-scheduler\\classes\\ActionScheduler_DateTime.php","line":27}

Mar 07 2022 15:53:19
{"type":8192,"message":"Return type of ActionScheduler_DateTime::getTimestamp() should either be compatible with DateTime::getTimestamp(): int, or the #[\\ReturnTypeWillChange] attribute should be used to temporarily suppress the notice","file":"C:\\xampp\\htdocs\\charlescantin\\wp-content\\plugins\\wpforms-lite\\vendor\\woocommerce\\action-scheduler\\classes\\ActionScheduler_DateTime.php","line":27}

Mar 07 2022 15:53:19
{"type":8192,"message":"Return type of ActionScheduler_DateTime::getTimestamp() should either be compatible with DateTime::getTimestamp(): int, or the #[\\ReturnTypeWillChange] attribute should be used to temporarily suppress the notice","file":"C:\\xampp\\htdocs\\charlescantin\\wp-content\\plugins\\wpforms-lite\\vendor\\woocommerce\\action-scheduler\\classes\\ActionScheduler_DateTime.php","line":27}

Mar 07 2022 15:53:20
{"type":8192,"message":"Return type of ActionScheduler_DateTime::getTimestamp() should either be compatible with DateTime::getTimestamp(): int, or the #[\\ReturnTypeWillChange] attribute should be used to temporarily suppress the notice","file":"C:\\xampp\\htdocs\\charlescantin\\wp-content\\plugins\\wpforms-lite\\vendor\\woocommerce\\action-scheduler\\classes\\ActionScheduler_DateTime.php","line":27}

Mar 07 2022 15:53:21
{"type":8192,"message":"Return type of ActionScheduler_DateTime::getTimestamp() should either be compatible with DateTime::getTimestamp(): int, or the #[\\ReturnTypeWillChange] attribute should be used to temporarily suppress the notice","file":"C:\\xampp\\htdocs\\charlescantin\\wp-content\\plugins\\wpforms-lite\\vendor\\woocommerce\\action-scheduler\\classes\\ActionScheduler_DateTime.php","line":27}

Mar 07 2022 15:53:23
{"type":8192,"message":"Return type of ActionScheduler_DateTime::getTimestamp() should either be compatible with DateTime::getTimestamp(): int, or the #[\\ReturnTypeWillChange] attribute should be used to temporarily suppress the notice","file":"C:\\xampp\\htdocs\\charlescantin\\wp-content\\plugins\\wpforms-lite\\vendor\\woocommerce\\action-scheduler\\classes\\ActionScheduler_DateTime.php","line":27}

Mar 07 2022 15:53:23
{"type":8192,"message":"Return type of ActionScheduler_DateTime::getTimestamp() should either be compatible with DateTime::getTimestamp(): int, or the #[\\ReturnTypeWillChange] attribute should be used to temporarily suppress the notice","file":"C:\\xampp\\htdocs\\charlescantin\\wp-content\\plugins\\wpforms-lite\\vendor\\woocommerce\\action-scheduler\\classes\\ActionScheduler_DateTime.php","line":27}

Mar 07 2022 15:53:24
{"type":8192,"message":"Return type of ActionScheduler_DateTime::getTimestamp() should either be compatible with DateTime::getTimestamp(): int, or the #[\\ReturnTypeWillChange] attribute should be used to temporarily suppress the notice","file":"C:\\xampp\\htdocs\\charlescantin\\wp-content\\plugins\\wpforms-lite\\vendor\\woocommerce\\action-scheduler\\classes\\ActionScheduler_DateTime.php","line":27}

Mar 07 2022 15:53:25
{"type":8192,"message":"Return type of ActionScheduler_DateTime::getTimestamp() should either be compatible with DateTime::getTimestamp(): int, or the #[\\ReturnTypeWillChange] attribute should be used to temporarily suppress the notice","file":"C:\\xampp\\htdocs\\charlescantin\\wp-content\\plugins\\wpforms-lite\\vendor\\woocommerce\\action-scheduler\\classes\\ActionScheduler_DateTime.php","line":27}

Mar 07 2022 15:53:26
{"type":8192,"message":"Return type of ActionScheduler_DateTime::getTimestamp() should either be compatible with DateTime::getTimestamp(): int, or the #[\\ReturnTypeWillChange] attribute should be used to temporarily suppress the notice","file":"C:\\xampp\\htdocs\\charlescantin\\wp-content\\plugins\\wpforms-lite\\vendor\\woocommerce\\action-scheduler\\classes\\ActionScheduler_DateTime.php","line":27}

Mar 07 2022 15:53:27
{"type":8192,"message":"Return type of ActionScheduler_DateTime::getTimestamp() should either be compatible with DateTime::getTimestamp(): int, or the #[\\ReturnTypeWillChange] attribute should be used to temporarily suppress the notice","file":"C:\\xampp\\htdocs\\charlescantin\\wp-content\\plugins\\wpforms-lite\\vendor\\woocommerce\\action-scheduler\\classes\\ActionScheduler_DateTime.php","line":27}

Mar 07 2022 15:53:27
{"type":8192,"message":"Return type of ActionScheduler_DateTime::getTimestamp() should either be compatible with DateTime::getTimestamp(): int, or the #[\\ReturnTypeWillChange] attribute should be used to temporarily suppress the notice","file":"C:\\xampp\\htdocs\\charlescantin\\wp-content\\plugins\\wpforms-lite\\vendor\\woocommerce\\action-scheduler\\classes\\ActionScheduler_DateTime.php","line":27}

Mar 07 2022 15:53:28
{"type":8192,"message":"Return type of ActionScheduler_DateTime::getTimestamp() should either be compatible with DateTime::getTimestamp(): int, or the #[\\ReturnTypeWillChange] attribute should be used to temporarily suppress the notice","file":"C:\\xampp\\htdocs\\charlescantin\\wp-content\\plugins\\wpforms-lite\\vendor\\woocommerce\\action-scheduler\\classes\\ActionScheduler_DateTime.php","line":27}

Mar 07 2022 15:53:31
{"type":8192,"message":"Return type of ActionScheduler_DateTime::getTimestamp() should either be compatible with DateTime::getTimestamp(): int, or the #[\\ReturnTypeWillChange] attribute should be used to temporarily suppress the notice","file":"C:\\xampp\\htdocs\\charlescantin\\wp-content\\plugins\\wpforms-lite\\vendor\\woocommerce\\action-scheduler\\classes\\ActionScheduler_DateTime.php","line":27}

